<?xml version="1.0" encoding="UTF-8"?>
<testsuite name="task.TaskListTest" tests="1" skipped="0" failures="0" errors="0" timestamp="2023-04-08T03:58:12" hostname="DESKTOP-7C6H032" time="0.027">
  <properties/>
  <testcase name="TaskListSizeTest()" classname="task.TaskListTest" time="0.027"/>
  <system-out><![CDATA[]]></system-out>
  <system-err><![CDATA[]]></system-err>
</testsuite>
