<?xml version="1.0" encoding="UTF-8"?>
<testsuite name="command.DeleteCommandTest" tests="2" skipped="0" failures="0" errors="0" timestamp="2023-04-08T03:58:12" hostname="DESKTOP-7C6H032" time="0.006">
  <properties/>
  <testcase name="DeleteCommandStringTest()" classname="command.DeleteCommandTest" time="0.001"/>
  <testcase name="DeleteExecuteString()" classname="command.DeleteCommandTest" time="0.004"/>
  <system-out><![CDATA[Noted. I've removed this task:
[T][ ] Wash the dishes
Number of tasks in the list = 1
]]></system-out>
  <system-err><![CDATA[]]></system-err>
</testsuite>
