<?xml version="1.0" encoding="UTF-8"?>
<testsuite name="command.MarkCommandTest" tests="2" skipped="0" failures="0" errors="0" timestamp="2023-04-08T03:58:12" hostname="DESKTOP-7C6H032" time="0.004">
  <properties/>
  <testcase name="MarkExecuteString()" classname="command.MarkCommandTest" time="0.002"/>
  <testcase name="MarkCommandStringTest()" classname="command.MarkCommandTest" time="0.001"/>
  <system-out><![CDATA[Ok, I've marked this task as not done yet:[T][X] Prepare the dishes
]]></system-out>
  <system-err><![CDATA[]]></system-err>
</testsuite>
